{"event": "audit_started", "fingerprint": "9b285a08bfde10db643efb43a42f17e44c394e519618e41c48fdbd112ade8dd4", "doc_count": 3, "chunk_count": 7, "embedding_model": "chroma:text-embedding-3-small", "ts": "2026-06-29T12:28:57.135830+00:00"}
{"event": "requirement_extracted", "doc_id": "fc7491790a4dabc22d8fabbbe3cdfe36", "source": "Safety Manual.pdf", "requirement": "EMERGENCY RESPONSE In case of ﬁre", "extraction_method": "SOP_HEADING", "ts": "2026-06-29T12:28:57.142641+00:00"}
{"event": "requirement_extracted", "doc_id": "268c6b64bb7bb28884393bd81e49840f", "source": "LOTO Procedure.pdf", "requirement": "LOCKOUT TAGOUT PROCEDURE Document ID: LOTO-001", "extraction_method": "SOP_HEADING", "ts": "2026-06-29T12:28:57.142641+00:00"}
{"event": "requirement_extracted", "doc_id": "fc7491790a4dabc22d8fabbbe3cdfe36", "source": "Safety Manual.pdf", "requirement": "PERSONAL PROTECTIVE EQUIPMENT (PPE) All employees must wear", "extraction_method": "SOP_HEADING", "ts": "2026-06-29T12:28:57.142641+00:00"}
{"event": "requirement_extracted", "doc_id": "3bbdb9918243360855cf22c3305f49c6", "source": "QUALITY MANAGEMENT PROGRAM.pdf", "requirement": "QUALITY MANAGEMENT PROGRAM This document deﬁnes", "extraction_method": "SOP_HEADING", "ts": "2026-06-29T12:28:57.143624+00:00"}
{"event": "requirement_extracted", "doc_id": "3bbdb9918243360855cf22c3305f49c6", "source": "QUALITY MANAGEMENT PROGRAM.pdf", "requirement": "Quality audits - CAPA process - Non-conformance tracking - Quality inspec Ɵons", "extraction_method": "BULLET_LIST", "ts": "2026-06-29T12:28:57.143624+00:00"}
{"event": "requirement_extracted", "doc_id": "fc7491790a4dabc22d8fabbbe3cdfe36", "source": "Safety Manual.pdf", "requirement": "TRAINING All employees must receive annual safety training.", "extraction_method": "SOP_HEADING", "ts": "2026-06-29T12:28:57.143624+00:00"}
{"event": "audit_complete", "fingerprint": "9b285a08bfde10db643efb43a42f17e44c394e519618e41c48fdbd112ade8dd4", "score": 94, "total_gaps": 0, "categories_found": 5, "categories_not_found": 0, "duration_ms": 8938.0, "ts": "2026-06-29T12:29:06.068550+00:00"}
{"event": "audit_started", "fingerprint": "b6fcb615d17a5c8844673c47a88b7bdd58c6d688b307fff638c41e1169fbd25b", "doc_count": 2, "chunk_count": 6, "embedding_model": "chroma:text-embedding-3-small", "ts": "2026-06-29T12:30:18.014981+00:00"}
{"event": "requirement_extracted", "doc_id": "fc7491790a4dabc22d8fabbbe3cdfe36", "source": "Safety Manual.pdf", "requirement": "EMERGENCY RESPONSE In case of ﬁre", "extraction_method": "SOP_HEADING", "ts": "2026-06-29T12:30:18.017271+00:00"}
{"event": "requirement_extracted", "doc_id": "fc7491790a4dabc22d8fabbbe3cdfe36", "source": "Safety Manual.pdf", "requirement": "PERSONAL PROTECTIVE EQUIPMENT (PPE) All employees must wear", "extraction_method": "SOP_HEADING", "ts": "2026-06-29T12:30:18.018272+00:00"}
{"event": "requirement_extracted", "doc_id": "3bbdb9918243360855cf22c3305f49c6", "source": "QUALITY MANAGEMENT PROGRAM.pdf", "requirement": "QUALITY MANAGEMENT PROGRAM This document deﬁnes", "extraction_method": "SOP_HEADING", "ts": "2026-06-29T12:30:18.018272+00:00"}
{"event": "requirement_extracted", "doc_id": "3bbdb9918243360855cf22c3305f49c6", "source": "QUALITY MANAGEMENT PROGRAM.pdf", "requirement": "Quality audits - CAPA process - Non-conformance tracking - Quality inspec Ɵons", "extraction_method": "BULLET_LIST", "ts": "2026-06-29T12:30:18.018272+00:00"}
{"event": "requirement_extracted", "doc_id": "fc7491790a4dabc22d8fabbbe3cdfe36", "source": "Safety Manual.pdf", "requirement": "TRAINING All employees must receive annual safety training.", "extraction_method": "SOP_HEADING", "ts": "2026-06-29T12:30:18.018272+00:00"}
{"event": "audit_complete", "fingerprint": "b6fcb615d17a5c8844673c47a88b7bdd58c6d688b307fff638c41e1169fbd25b", "score": 95, "total_gaps": 0, "categories_found": 4, "categories_not_found": 0, "duration_ms": 7141.0, "ts": "2026-06-29T12:30:25.173209+00:00"}
{"event": "audit_started", "fingerprint": "e509d188e9bcca11b637a6ffce241aec8ec25ed9fc147f01b20a144f20737445", "doc_count": 1, "chunk_count": 5, "embedding_model": "chroma:text-embedding-3-small", "ts": "2026-06-29T12:31:21.255640+00:00"}
{"event": "requirement_extracted", "doc_id": "fc7491790a4dabc22d8fabbbe3cdfe36", "source": "Safety Manual.pdf", "requirement": "EMERGENCY RESPONSE In case of ﬁre", "extraction_method": "SOP_HEADING", "ts": "2026-06-29T12:31:21.257639+00:00"}
{"event": "requirement_extracted", "doc_id": "fc7491790a4dabc22d8fabbbe3cdfe36", "source": "Safety Manual.pdf", "requirement": "PERSONAL PROTECTIVE EQUIPMENT (PPE) All employees must wear", "extraction_method": "SOP_HEADING", "ts": "2026-06-29T12:31:21.259062+00:00"}
{"event": "requirement_extracted", "doc_id": "fc7491790a4dabc22d8fabbbe3cdfe36", "source": "Safety Manual.pdf", "requirement": "TRAINING All employees must receive annual safety training.", "extraction_method": "SOP_HEADING", "ts": "2026-06-29T12:31:21.259062+00:00"}
{"event": "audit_complete", "fingerprint": "e509d188e9bcca11b637a6ffce241aec8ec25ed9fc147f01b20a144f20737445", "score": 96, "total_gaps": 0, "categories_found": 3, "categories_not_found": 0, "duration_ms": 4329.0, "ts": "2026-06-29T12:31:25.581585+00:00"}
{"event": "audit_started", "fingerprint": "4f11c3bdc23917d6e0c811b8ffbb0e71a4d8eb2c44823fe96519bad9dc5d861b", "doc_count": 2, "chunk_count": 10, "embedding_model": "chroma:text-embedding-3-small", "ts": "2026-06-29T12:36:23.419362+00:00"}
{"event": "requirement_extracted", "doc_id": "fc7491790a4dabc22d8fabbbe3cdfe36", "source": "Safety Manual.pdf", "requirement": "EMERGENCY RESPONSE In case of ﬁre", "extraction_method": "SOP_HEADING", "ts": "2026-06-29T12:36:23.432395+00:00"}
{"event": "requirement_extracted", "doc_id": "fc7491790a4dabc22d8fabbbe3cdfe36", "source": "Safety Manual.pdf", "requirement": "PERSONAL PROTECTIVE EQUIPMENT (PPE) All employees must wear", "extraction_method": "SOP_HEADING", "ts": "2026-06-29T12:36:23.433425+00:00"}
{"event": "requirement_extracted", "doc_id": "fc7491790a4dabc22d8fabbbe3cdfe36", "source": "Safety Manual.pdf", "requirement": "TRAINING All employees must receive annual safety training.", "extraction_method": "SOP_HEADING", "ts": "2026-06-29T12:36:23.433425+00:00"}
{"event": "audit_complete", "fingerprint": "4f11c3bdc23917d6e0c811b8ffbb0e71a4d8eb2c44823fe96519bad9dc5d861b", "score": 91, "total_gaps": 0, "categories_found": 3, "categories_not_found": 0, "duration_ms": 4750.0, "ts": "2026-06-29T12:36:28.158307+00:00"}
{"event": "audit_cache_hit", "fingerprint": "4f11c3bdc23917d6e0c811b8ffbb0e71a4d8eb2c44823fe96519bad9dc5d861b", "ts": "2026-06-29T12:36:30.898672+00:00"}
{"event": "audit_cache_hit", "fingerprint": "4f11c3bdc23917d6e0c811b8ffbb0e71a4d8eb2c44823fe96519bad9dc5d861b", "ts": "2026-06-29T12:36:33.810894+00:00"}
{"event": "audit_started", "fingerprint": "3b8ed6ee5468be5cf1609a8bc741ef791781b878b15677a544316c704293e004", "doc_count": 0, "chunk_count": 0, "embedding_model": "chroma:text-embedding-3-small", "ts": "2026-06-29T12:37:14.521183+00:00"}
{"event": "audit_started", "fingerprint": "e509d188e9bcca11b637a6ffce241aec8ec25ed9fc147f01b20a144f20737445", "doc_count": 1, "chunk_count": 5, "embedding_model": "chroma:text-embedding-3-small", "ts": "2026-06-29T12:41:55.819464+00:00"}
{"event": "requirement_extracted", "doc_id": "fc7491790a4dabc22d8fabbbe3cdfe36", "source": "Safety Manual.pdf", "requirement": "EMERGENCY RESPONSE In case of ﬁre", "extraction_method": "SOP_HEADING", "ts": "2026-06-29T12:41:55.822466+00:00"}
{"event": "requirement_extracted", "doc_id": "fc7491790a4dabc22d8fabbbe3cdfe36", "source": "Safety Manual.pdf", "requirement": "PERSONAL PROTECTIVE EQUIPMENT (PPE) All employees must wear", "extraction_method": "SOP_HEADING", "ts": "2026-06-29T12:41:55.823463+00:00"}
{"event": "requirement_extracted", "doc_id": "fc7491790a4dabc22d8fabbbe3cdfe36", "source": "Safety Manual.pdf", "requirement": "TRAINING All employees must receive annual safety training.", "extraction_method": "SOP_HEADING", "ts": "2026-06-29T12:41:55.823463+00:00"}
{"event": "audit_complete", "fingerprint": "e509d188e9bcca11b637a6ffce241aec8ec25ed9fc147f01b20a144f20737445", "score": 96, "total_gaps": 0, "categories_found": 3, "categories_not_found": 0, "duration_ms": 4406.0, "ts": "2026-06-29T12:42:00.233447+00:00"}
{"event": "audit_cache_hit", "fingerprint": "e509d188e9bcca11b637a6ffce241aec8ec25ed9fc147f01b20a144f20737445", "ts": "2026-06-29T12:51:18.786963+00:00"}
{"event": "audit_cache_hit", "fingerprint": "e509d188e9bcca11b637a6ffce241aec8ec25ed9fc147f01b20a144f20737445", "ts": "2026-06-29T12:51:20.178466+00:00"}
{"event": "audit_cache_hit", "fingerprint": "e509d188e9bcca11b637a6ffce241aec8ec25ed9fc147f01b20a144f20737445", "ts": "2026-06-29T12:51:20.697683+00:00"}
{"event": "audit_started", "fingerprint": "e509d188e9bcca11b637a6ffce241aec8ec25ed9fc147f01b20a144f20737445", "doc_count": 1, "chunk_count": 5, "embedding_model": "chroma:text-embedding-3-small", "ts": "2026-06-29T12:53:57.112102+00:00"}
{"event": "requirement_extracted", "doc_id": "fc7491790a4dabc22d8fabbbe3cdfe36", "source": "Safety Manual.pdf", "requirement": "EMERGENCY RESPONSE In case of ﬁre", "extraction_method": "SOP_HEADING", "ts": "2026-06-29T12:53:57.123158+00:00"}
{"event": "requirement_extracted", "doc_id": "fc7491790a4dabc22d8fabbbe3cdfe36", "source": "Safety Manual.pdf", "requirement": "PERSONAL PROTECTIVE EQUIPMENT (PPE) All employees must wear", "extraction_method": "SOP_HEADING", "ts": "2026-06-29T12:53:57.123158+00:00"}
{"event": "requirement_extracted", "doc_id": "fc7491790a4dabc22d8fabbbe3cdfe36", "source": "Safety Manual.pdf", "requirement": "TRAINING All employees must receive annual safety training.", "extraction_method": "SOP_HEADING", "ts": "2026-06-29T12:53:57.123158+00:00"}
{"event": "audit_complete", "fingerprint": "e509d188e9bcca11b637a6ffce241aec8ec25ed9fc147f01b20a144f20737445", "score": 96, "total_gaps": 0, "categories_found": 3, "categories_not_found": 0, "duration_ms": 4265.0, "ts": "2026-06-29T12:54:01.377203+00:00"}
{"event": "audit_cache_hit", "fingerprint": "e509d188e9bcca11b637a6ffce241aec8ec25ed9fc147f01b20a144f20737445", "ts": "2026-06-29T12:54:05.494495+00:00"}
{"event": "audit_started", "fingerprint": "3b8ed6ee5468be5cf1609a8bc741ef791781b878b15677a544316c704293e004", "doc_count": 0, "chunk_count": 0, "embedding_model": "chroma:text-embedding-3-small", "ts": "2026-06-29T12:54:13.750474+00:00"}
{"event": "audit_started", "fingerprint": "3b8ed6ee5468be5cf1609a8bc741ef791781b878b15677a544316c704293e004", "doc_count": 0, "chunk_count": 0, "embedding_model": "chroma:text-embedding-3-small", "ts": "2026-06-29T12:54:19.870989+00:00"}
{"event": "audit_started", "fingerprint": "3b8ed6ee5468be5cf1609a8bc741ef791781b878b15677a544316c704293e004", "doc_count": 0, "chunk_count": 0, "embedding_model": "chroma:text-embedding-3-small", "ts": "2026-06-29T12:55:20.538403+00:00"}
{"event": "audit_started", "fingerprint": "5b333cdc83d3ed6cdfe3b89c0a1fa64a859fad7014bcc2d3f563ad96ff2779f0", "doc_count": 1, "chunk_count": 1, "embedding_model": "chroma:text-embedding-3-small", "ts": "2026-06-29T12:56:49.629055+00:00"}
{"event": "requirement_extracted", "doc_id": "7313a9dede5bddf6274b86f32ef76d1c", "source": "Compliance_Doc_Test.pdf", "requirement": "General Overview", "extraction_method": "SOP_HEADING", "ts": "2026-06-29T12:56:49.630062+00:00"}
{"event": "audit_complete", "fingerprint": "5b333cdc83d3ed6cdfe3b89c0a1fa64a859fad7014bcc2d3f563ad96ff2779f0", "score": 93, "total_gaps": 0, "categories_found": 1, "categories_not_found": 0, "duration_ms": 1360.0, "ts": "2026-06-29T12:56:50.994382+00:00"}
{"event": "audit_started", "fingerprint": "5dd886b3d474c8c3045b590e995e85fa12f7cef416ca8c08d0abfa09c4c86151", "doc_count": 3, "chunk_count": 3, "embedding_model": "chroma:text-embedding-3-small", "ts": "2026-06-29T12:57:02.770702+00:00"}
{"event": "requirement_extracted", "doc_id": "a565eaafd9c38be41e57f1fbca761703", "source": "Safety_Manual_Test.pdf", "requirement": "General Overview", "extraction_method": "SOP_HEADING", "ts": "2026-06-29T12:57:02.778588+00:00"}
{"event": "requirement_extracted", "doc_id": "6f1e5e12f5e2ffe7412c83853f0552ad", "source": "Operations_Guide_Test.pdf", "requirement": "General Overview", "extraction_method": "SOP_HEADING", "ts": "2026-06-29T12:57:02.778588+00:00"}
{"event": "requirement_extracted", "doc_id": "7313a9dede5bddf6274b86f32ef76d1c", "source": "Compliance_Doc_Test.pdf", "requirement": "General Overview", "extraction_method": "SOP_HEADING", "ts": "2026-06-29T12:57:02.780661+00:00"}
{"event": "audit_complete", "fingerprint": "5dd886b3d474c8c3045b590e995e85fa12f7cef416ca8c08d0abfa09c4c86151", "score": 92, "total_gaps": 0, "categories_found": 3, "categories_not_found": 0, "duration_ms": 4281.0, "ts": "2026-06-29T12:57:07.052026+00:00"}
{"event": "audit_started", "fingerprint": "2714702c92ed63361c5e937c94f22bd945ff4ab51b1f07eee7e42e9e6dc25fd1", "doc_count": 2, "chunk_count": 2, "embedding_model": "chroma:text-embedding-3-small", "ts": "2026-06-29T12:57:15.244015+00:00"}
{"event": "requirement_extracted", "doc_id": "a565eaafd9c38be41e57f1fbca761703", "source": "Safety_Manual_Test.pdf", "requirement": "General Overview", "extraction_method": "SOP_HEADING", "ts": "2026-06-29T12:57:15.245888+00:00"}
{"event": "requirement_extracted", "doc_id": "6f1e5e12f5e2ffe7412c83853f0552ad", "source": "Operations_Guide_Test.pdf", "requirement": "General Overview", "extraction_method": "SOP_HEADING", "ts": "2026-06-29T12:57:15.245888+00:00"}
{"event": "audit_complete", "fingerprint": "2714702c92ed63361c5e937c94f22bd945ff4ab51b1f07eee7e42e9e6dc25fd1", "score": 92, "total_gaps": 0, "categories_found": 2, "categories_not_found": 0, "duration_ms": 2890.0, "ts": "2026-06-29T12:57:18.137508+00:00"}
{"event": "audit_started", "fingerprint": "38ac380f7ff0b3cd32255ad4ed1d2723fdc15a23452332bb18350329637c7575", "doc_count": 2, "chunk_count": 2, "embedding_model": "chroma:text-embedding-3-small", "ts": "2026-06-29T12:58:46.254639+00:00"}
{"event": "requirement_extracted", "doc_id": "a565eaafd9c38be41e57f1fbca761703", "source": "Safety_Manual_Test.pdf", "requirement": "General Overview", "extraction_method": "SOP_HEADING", "ts": "2026-06-29T12:58:46.258959+00:00"}
{"event": "requirement_extracted", "doc_id": "7313a9dede5bddf6274b86f32ef76d1c", "source": "Compliance_Doc_Test.pdf", "requirement": "General Overview", "extraction_method": "SOP_HEADING", "ts": "2026-06-29T12:58:46.258959+00:00"}
{"event": "audit_complete", "fingerprint": "38ac380f7ff0b3cd32255ad4ed1d2723fdc15a23452332bb18350329637c7575", "score": 92, "total_gaps": 0, "categories_found": 2, "categories_not_found": 0, "duration_ms": 2844.0, "ts": "2026-06-29T12:58:49.094218+00:00"}
{"event": "audit_started", "fingerprint": "5dd886b3d474c8c3045b590e995e85fa12f7cef416ca8c08d0abfa09c4c86151", "doc_count": 3, "chunk_count": 3, "embedding_model": "chroma:text-embedding-3-small", "ts": "2026-06-29T12:59:00.779857+00:00"}
{"event": "requirement_extracted", "doc_id": "a565eaafd9c38be41e57f1fbca761703", "source": "Safety_Manual_Test.pdf", "requirement": "General Overview", "extraction_method": "SOP_HEADING", "ts": "2026-06-29T12:59:00.788027+00:00"}
{"event": "requirement_extracted", "doc_id": "6f1e5e12f5e2ffe7412c83853f0552ad", "source": "Operations_Guide_Test.pdf", "requirement": "General Overview", "extraction_method": "SOP_HEADING", "ts": "2026-06-29T12:59:00.788027+00:00"}
{"event": "requirement_extracted", "doc_id": "7313a9dede5bddf6274b86f32ef76d1c", "source": "Compliance_Doc_Test.pdf", "requirement": "General Overview", "extraction_method": "SOP_HEADING", "ts": "2026-06-29T12:59:00.789056+00:00"}
{"event": "audit_complete", "fingerprint": "5dd886b3d474c8c3045b590e995e85fa12f7cef416ca8c08d0abfa09c4c86151", "score": 92, "total_gaps": 0, "categories_found": 3, "categories_not_found": 0, "duration_ms": 4313.0, "ts": "2026-06-29T12:59:05.088812+00:00"}
{"event": "audit_started", "fingerprint": "81ca9fadb5428e098cc5e00b1a92b417dc993dcf06eabee7b543846a9e673a55", "doc_count": 2, "chunk_count": 2, "embedding_model": "chroma:text-embedding-3-small", "ts": "2026-06-29T12:59:13.317460+00:00"}
{"event": "requirement_extracted", "doc_id": "6f1e5e12f5e2ffe7412c83853f0552ad", "source": "Operations_Guide_Test.pdf", "requirement": "General Overview", "extraction_method": "SOP_HEADING", "ts": "2026-06-29T12:59:13.319573+00:00"}
{"event": "requirement_extracted", "doc_id": "7313a9dede5bddf6274b86f32ef76d1c", "source": "Compliance_Doc_Test.pdf", "requirement": "General Overview", "extraction_method": "SOP_HEADING", "ts": "2026-06-29T12:59:13.319573+00:00"}
{"event": "audit_complete", "fingerprint": "81ca9fadb5428e098cc5e00b1a92b417dc993dcf06eabee7b543846a9e673a55", "score": 92, "total_gaps": 0, "categories_found": 2, "categories_not_found": 0, "duration_ms": 2844.0, "ts": "2026-06-29T12:59:16.162088+00:00"}
{"event": "audit_started", "fingerprint": "81ca9fadb5428e098cc5e00b1a92b417dc993dcf06eabee7b543846a9e673a55", "doc_count": 2, "chunk_count": 2, "embedding_model": "chroma:text-embedding-3-small", "ts": "2026-06-29T12:59:30.151815+00:00"}
{"event": "requirement_extracted", "doc_id": "6f1e5e12f5e2ffe7412c83853f0552ad", "source": "Operations_Guide_Test.pdf", "requirement": "General Overview", "extraction_method": "SOP_HEADING", "ts": "2026-06-29T12:59:30.152862+00:00"}
{"event": "requirement_extracted", "doc_id": "7313a9dede5bddf6274b86f32ef76d1c", "source": "Compliance_Doc_Test.pdf", "requirement": "General Overview", "extraction_method": "SOP_HEADING", "ts": "2026-06-29T12:59:30.153390+00:00"}
{"event": "audit_complete", "fingerprint": "81ca9fadb5428e098cc5e00b1a92b417dc993dcf06eabee7b543846a9e673a55", "score": 92, "total_gaps": 0, "categories_found": 2, "categories_not_found": 0, "duration_ms": 2719.0, "ts": "2026-06-29T12:59:32.870241+00:00"}
{"event": "audit_started", "fingerprint": "3b8ed6ee5468be5cf1609a8bc741ef791781b878b15677a544316c704293e004", "doc_count": 0, "chunk_count": 0, "embedding_model": "chroma:text-embedding-3-small", "ts": "2026-06-29T13:01:09.745076+00:00"}
{"event": "audit_started", "fingerprint": "3b8ed6ee5468be5cf1609a8bc741ef791781b878b15677a544316c704293e004", "doc_count": 0, "chunk_count": 0, "embedding_model": "chroma:text-embedding-3-small", "ts": "2026-06-29T13:01:09.748259+00:00"}
{"event": "audit_started", "fingerprint": "3b8ed6ee5468be5cf1609a8bc741ef791781b878b15677a544316c704293e004", "doc_count": 0, "chunk_count": 0, "embedding_model": "chroma:text-embedding-3-small", "ts": "2026-06-29T13:01:09.750865+00:00"}
{"event": "audit_cache_hit", "fingerprint": "81ca9fadb5428e098cc5e00b1a92b417dc993dcf06eabee7b543846a9e673a55", "ts": "2026-06-29T13:01:41.450892+00:00"}
{"event": "audit_started", "fingerprint": "3b8ed6ee5468be5cf1609a8bc741ef791781b878b15677a544316c704293e004", "doc_count": 0, "chunk_count": 0, "embedding_model": "chroma:text-embedding-3-small", "ts": "2026-06-29T13:04:21.498180+00:00"}
{"event": "audit_started", "fingerprint": "e509d188e9bcca11b637a6ffce241aec8ec25ed9fc147f01b20a144f20737445", "doc_count": 1, "chunk_count": 5, "embedding_model": "chroma:text-embedding-3-small", "ts": "2026-06-29T13:05:34.451085+00:00"}
{"event": "requirement_extracted", "doc_id": "fc7491790a4dabc22d8fabbbe3cdfe36", "source": "Safety Manual.pdf", "requirement": "EMERGENCY RESPONSE In case of ﬁre", "extraction_method": "SOP_HEADING", "ts": "2026-06-29T13:05:34.454283+00:00"}
{"event": "requirement_extracted", "doc_id": "fc7491790a4dabc22d8fabbbe3cdfe36", "source": "Safety Manual.pdf", "requirement": "PERSONAL PROTECTIVE EQUIPMENT (PPE) All employees must wear", "extraction_method": "SOP_HEADING", "ts": "2026-06-29T13:05:34.455300+00:00"}
{"event": "requirement_extracted", "doc_id": "fc7491790a4dabc22d8fabbbe3cdfe36", "source": "Safety Manual.pdf", "requirement": "TRAINING All employees must receive annual safety training.", "extraction_method": "SOP_HEADING", "ts": "2026-06-29T13:05:34.455300+00:00"}
{"event": "audit_complete", "fingerprint": "e509d188e9bcca11b637a6ffce241aec8ec25ed9fc147f01b20a144f20737445", "score": 96, "total_gaps": 0, "categories_found": 3, "categories_not_found": 0, "duration_ms": 5094.0, "ts": "2026-06-29T13:05:39.539100+00:00"}
{"event": "audit_cache_hit", "fingerprint": "e509d188e9bcca11b637a6ffce241aec8ec25ed9fc147f01b20a144f20737445", "ts": "2026-06-29T16:25:01.742410+00:00"}
{"event": "audit_cache_hit", "fingerprint": "e509d188e9bcca11b637a6ffce241aec8ec25ed9fc147f01b20a144f20737445", "ts": "2026-06-29T16:25:17.417359+00:00"}
{"event": "audit_started", "fingerprint": "3b8ed6ee5468be5cf1609a8bc741ef791781b878b15677a544316c704293e004", "doc_count": 0, "chunk_count": 0, "embedding_model": "chroma:text-embedding-3-small", "ts": "2026-06-30T07:37:13.542854+00:00"}
{"event": "audit_started", "fingerprint": "3b8ed6ee5468be5cf1609a8bc741ef791781b878b15677a544316c704293e004", "doc_count": 0, "chunk_count": 0, "embedding_model": "chroma:text-embedding-3-small", "ts": "2026-06-30T07:37:13.549176+00:00"}
{"event": "audit_started", "fingerprint": "3b8ed6ee5468be5cf1609a8bc741ef791781b878b15677a544316c704293e004", "doc_count": 0, "chunk_count": 0, "embedding_model": "chroma:text-embedding-3-small", "ts": "2026-06-30T07:37:13.556290+00:00"}
{"event": "audit_started", "fingerprint": "3b8ed6ee5468be5cf1609a8bc741ef791781b878b15677a544316c704293e004", "doc_count": 0, "chunk_count": 0, "embedding_model": "chroma:text-embedding-3-small", "ts": "2026-06-30T07:46:20.679722+00:00"}
{"event": "audit_started", "fingerprint": "3b8ed6ee5468be5cf1609a8bc741ef791781b878b15677a544316c704293e004", "doc_count": 0, "chunk_count": 0, "embedding_model": "chroma:text-embedding-3-small", "ts": "2026-06-30T07:46:20.687614+00:00"}
{"event": "audit_started", "fingerprint": "3b8ed6ee5468be5cf1609a8bc741ef791781b878b15677a544316c704293e004", "doc_count": 0, "chunk_count": 0, "embedding_model": "chroma:text-embedding-3-small", "ts": "2026-06-30T07:46:20.694014+00:00"}
{"event": "audit_started", "fingerprint": "aaf17f8cc07f3d16a957aba663f03ef02c8ec453b57ca9e1659bb85d8997de30", "doc_count": 2, "chunk_count": 6, "embedding_model": "chroma:text-embedding-3-small", "ts": "2026-06-30T07:48:51.856650+00:00"}
{"event": "audit_complete", "fingerprint": "aaf17f8cc07f3d16a957aba663f03ef02c8ec453b57ca9e1659bb85d8997de30", "score": 76, "total_gaps": 30, "categories_found": 16, "categories_not_found": 1, "duration_ms": 40797.0, "ts": "2026-06-30T07:49:32.670593+00:00"}
{"event": "audit_started", "fingerprint": "9b285a08bfde10db643efb43a42f17e44c394e519618e41c48fdbd112ade8dd4", "doc_count": 3, "chunk_count": 7, "embedding_model": "chroma:text-embedding-3-small", "ts": "2026-06-30T07:49:44.090155+00:00"}
{"event": "audit_complete", "fingerprint": "9b285a08bfde10db643efb43a42f17e44c394e519618e41c48fdbd112ade8dd4", "score": 81, "total_gaps": 23, "categories_found": 17, "categories_not_found": 0, "duration_ms": 43109.0, "ts": "2026-06-30T07:50:27.185664+00:00"}
{"event": "audit_started", "fingerprint": "9a3e8f777d974a19df6069ae5307a254c41a0f626173cf2b98fa4871e7b6e108", "doc_count": 2, "chunk_count": 2, "embedding_model": "chroma:text-embedding-3-small", "ts": "2026-06-30T07:50:35.459927+00:00"}
{"event": "audit_complete", "fingerprint": "9a3e8f777d974a19df6069ae5307a254c41a0f626173cf2b98fa4871e7b6e108", "score": 57, "total_gaps": 50, "categories_found": 10, "categories_not_found": 7, "duration_ms": 46079.0, "ts": "2026-06-30T07:51:21.554851+00:00"}
{"event": "audit_started", "fingerprint": "9a3e8f777d974a19df6069ae5307a254c41a0f626173cf2b98fa4871e7b6e108", "doc_count": 2, "chunk_count": 2, "embedding_model": "chroma:text-embedding-3-small", "ts": "2026-06-30T07:51:34.934522+00:00"}
{"event": "audit_complete", "fingerprint": "9a3e8f777d974a19df6069ae5307a254c41a0f626173cf2b98fa4871e7b6e108", "score": 57, "total_gaps": 50, "categories_found": 10, "categories_not_found": 7, "duration_ms": 45188.0, "ts": "2026-06-30T07:52:20.114314+00:00"}
{"event": "audit_started", "fingerprint": "38cc591ef1f68821b71114f9ef9e42626f9d1b00ea160cc15de7a529aaeba0c3", "doc_count": 1, "chunk_count": 1, "embedding_model": "chroma:text-embedding-3-small", "ts": "2026-06-30T08:05:34.909053+00:00"}
{"event": "audit_complete", "fingerprint": "38cc591ef1f68821b71114f9ef9e42626f9d1b00ea160cc15de7a529aaeba0c3", "score": 45, "total_gaps": 60, "categories_found": 4, "categories_not_found": 13, "duration_ms": 41968.0, "ts": "2026-06-30T08:06:16.881138+00:00"}
{"event": "audit_started", "fingerprint": "4375b64189799f0873a72b6b0dc08a500e987dda5d7dff4f350a3829dadaa769", "doc_count": 1, "chunk_count": 1, "embedding_model": "chroma:text-embedding-3-small", "ts": "2026-06-30T08:17:30.759446+00:00"}
{"event": "requirement_extracted", "doc_id": "268c6b64bb7bb28884393bd81e49840f", "source": "LOTO Procedure.pdf", "requirement": "LOCKOUT TAGOUT PROCEDURE Document ID: LOTO-001", "extraction_method": "SOP_HEADING", "ts": "2026-06-30T08:17:30.773387+00:00"}
{"event": "audit_complete", "fingerprint": "4375b64189799f0873a72b6b0dc08a500e987dda5d7dff4f350a3829dadaa769", "score": 99, "total_gaps": 0, "categories_found": 1, "categories_not_found": 0, "duration_ms": 625.0, "ts": "2026-06-30T08:17:31.387994+00:00"}
{"event": "audit_cache_hit", "fingerprint": "4375b64189799f0873a72b6b0dc08a500e987dda5d7dff4f350a3829dadaa769", "ts": "2026-06-30T08:17:35.488218+00:00"}
{"event": "audit_started", "fingerprint": "4375b64189799f0873a72b6b0dc08a500e987dda5d7dff4f350a3829dadaa769", "doc_count": 1, "chunk_count": 1, "embedding_model": "chroma:text-embedding-3-small", "ts": "2026-06-30T08:43:45.024879+00:00"}
{"event": "requirement_extracted", "doc_id": "268c6b64bb7bb28884393bd81e49840f", "source": "LOTO Procedure.pdf", "requirement": "LOCKOUT TAGOUT PROCEDURE Document ID: LOTO-001", "extraction_method": "SOP_HEADING", "ts": "2026-06-30T08:43:45.065273+00:00"}
{"event": "audit_complete", "fingerprint": "4375b64189799f0873a72b6b0dc08a500e987dda5d7dff4f350a3829dadaa769", "score": 99, "total_gaps": 0, "categories_found": 1, "categories_not_found": 0, "duration_ms": 578.0, "ts": "2026-06-30T08:43:45.605131+00:00"}
{"event": "audit_started", "fingerprint": "ba1306a2be273436cecdbfae5dc02e47cafe6d2093cd57f6d19e664cf7f64a29", "doc_count": 3, "chunk_count": 7, "embedding_model": "chroma:text-embedding-3-small", "ts": "2026-06-30T08:43:56.541729+00:00"}
{"event": "requirement_extracted", "doc_id": "fc7491790a4dabc22d8fabbbe3cdfe36", "source": "Safety Manual.pdf", "requirement": "EMERGENCY RESPONSE In case of ﬁre", "extraction_method": "SOP_HEADING", "ts": "2026-06-30T08:43:56.573447+00:00"}
{"event": "requirement_extracted", "doc_id": "268c6b64bb7bb28884393bd81e49840f", "source": "LOTO Procedure.pdf", "requirement": "LOCKOUT TAGOUT PROCEDURE Document ID: LOTO-001", "extraction_method": "SOP_HEADING", "ts": "2026-06-30T08:43:56.608363+00:00"}
{"event": "requirement_extracted", "doc_id": "fc7491790a4dabc22d8fabbbe3cdfe36", "source": "Safety Manual.pdf", "requirement": "PERSONAL PROTECTIVE EQUIPMENT (PPE) All employees must wear", "extraction_method": "SOP_HEADING", "ts": "2026-06-30T08:43:56.608363+00:00"}
{"event": "requirement_extracted", "doc_id": "3bbdb9918243360855cf22c3305f49c6", "source": "QUALITY MANAGEMENT PROGRAM.pdf", "requirement": "QUALITY MANAGEMENT PROGRAM This document deﬁnes", "extraction_method": "SOP_HEADING", "ts": "2026-06-30T08:43:56.609627+00:00"}
{"event": "requirement_extracted", "doc_id": "3bbdb9918243360855cf22c3305f49c6", "source": "QUALITY MANAGEMENT PROGRAM.pdf", "requirement": "Quality audits - CAPA process - Non-conformance tracking - Quality inspec Ɵons", "extraction_method": "BULLET_LIST", "ts": "2026-06-30T08:43:56.611002+00:00"}
{"event": "requirement_extracted", "doc_id": "fc7491790a4dabc22d8fabbbe3cdfe36", "source": "Safety Manual.pdf", "requirement": "TRAINING All employees must receive annual safety training.", "extraction_method": "SOP_HEADING", "ts": "2026-06-30T08:43:56.611558+00:00"}
{"event": "audit_complete", "fingerprint": "ba1306a2be273436cecdbfae5dc02e47cafe6d2093cd57f6d19e664cf7f64a29", "score": 98, "total_gaps": 0, "categories_found": 5, "categories_not_found": 0, "duration_ms": 3172.0, "ts": "2026-06-30T08:43:59.712885+00:00"}
{"event": "audit_started", "fingerprint": "37fbe15cd0f0d57a02db7c06d05cb92a8e0b02eb6cbbb807e6915ef5a26c338a", "doc_count": 2, "chunk_count": 6, "embedding_model": "chroma:text-embedding-3-small", "ts": "2026-06-30T08:44:07.990968+00:00"}
{"event": "requirement_extracted", "doc_id": "fc7491790a4dabc22d8fabbbe3cdfe36", "source": "Safety Manual.pdf", "requirement": "EMERGENCY RESPONSE In case of ﬁre", "extraction_method": "SOP_HEADING", "ts": "2026-06-30T08:44:07.997785+00:00"}
{"event": "requirement_extracted", "doc_id": "fc7491790a4dabc22d8fabbbe3cdfe36", "source": "Safety Manual.pdf", "requirement": "PERSONAL PROTECTIVE EQUIPMENT (PPE) All employees must wear", "extraction_method": "SOP_HEADING", "ts": "2026-06-30T08:44:07.998784+00:00"}
{"event": "requirement_extracted", "doc_id": "3bbdb9918243360855cf22c3305f49c6", "source": "QUALITY MANAGEMENT PROGRAM.pdf", "requirement": "QUALITY MANAGEMENT PROGRAM This document deﬁnes", "extraction_method": "SOP_HEADING", "ts": "2026-06-30T08:44:07.999957+00:00"}
{"event": "requirement_extracted", "doc_id": "3bbdb9918243360855cf22c3305f49c6", "source": "QUALITY MANAGEMENT PROGRAM.pdf", "requirement": "Quality audits - CAPA process - Non-conformance tracking - Quality inspec Ɵons", "extraction_method": "BULLET_LIST", "ts": "2026-06-30T08:44:07.999957+00:00"}
{"event": "requirement_extracted", "doc_id": "fc7491790a4dabc22d8fabbbe3cdfe36", "source": "Safety Manual.pdf", "requirement": "TRAINING All employees must receive annual safety training.", "extraction_method": "SOP_HEADING", "ts": "2026-06-30T08:44:08.000979+00:00"}
{"event": "audit_complete", "fingerprint": "37fbe15cd0f0d57a02db7c06d05cb92a8e0b02eb6cbbb807e6915ef5a26c338a", "score": 98, "total_gaps": 0, "categories_found": 4, "categories_not_found": 0, "duration_ms": 2532.0, "ts": "2026-06-30T08:44:10.533822+00:00"}
{"event": "audit_started", "fingerprint": "37fbe15cd0f0d57a02db7c06d05cb92a8e0b02eb6cbbb807e6915ef5a26c338a", "doc_count": 2, "chunk_count": 6, "embedding_model": "chroma:text-embedding-3-small", "ts": "2026-06-30T08:44:23.757946+00:00"}
{"event": "requirement_extracted", "doc_id": "fc7491790a4dabc22d8fabbbe3cdfe36", "source": "Safety Manual.pdf", "requirement": "EMERGENCY RESPONSE In case of ﬁre", "extraction_method": "SOP_HEADING", "ts": "2026-06-30T08:44:23.761336+00:00"}
{"event": "requirement_extracted", "doc_id": "fc7491790a4dabc22d8fabbbe3cdfe36", "source": "Safety Manual.pdf", "requirement": "PERSONAL PROTECTIVE EQUIPMENT (PPE) All employees must wear", "extraction_method": "SOP_HEADING", "ts": "2026-06-30T08:44:23.762327+00:00"}
{"event": "requirement_extracted", "doc_id": "3bbdb9918243360855cf22c3305f49c6", "source": "QUALITY MANAGEMENT PROGRAM.pdf", "requirement": "QUALITY MANAGEMENT PROGRAM This document deﬁnes", "extraction_method": "SOP_HEADING", "ts": "2026-06-30T08:44:23.762327+00:00"}
{"event": "requirement_extracted", "doc_id": "3bbdb9918243360855cf22c3305f49c6", "source": "QUALITY MANAGEMENT PROGRAM.pdf", "requirement": "Quality audits - CAPA process - Non-conformance tracking - Quality inspec Ɵons", "extraction_method": "BULLET_LIST", "ts": "2026-06-30T08:44:23.763329+00:00"}
{"event": "requirement_extracted", "doc_id": "fc7491790a4dabc22d8fabbbe3cdfe36", "source": "Safety Manual.pdf", "requirement": "TRAINING All employees must receive annual safety training.", "extraction_method": "SOP_HEADING", "ts": "2026-06-30T08:44:23.763329+00:00"}
{"event": "audit_complete", "fingerprint": "37fbe15cd0f0d57a02db7c06d05cb92a8e0b02eb6cbbb807e6915ef5a26c338a", "score": 98, "total_gaps": 0, "categories_found": 4, "categories_not_found": 0, "duration_ms": 2578.0, "ts": "2026-06-30T08:44:26.347961+00:00"}
{"event": "audit_cache_hit", "fingerprint": "37fbe15cd0f0d57a02db7c06d05cb92a8e0b02eb6cbbb807e6915ef5a26c338a", "ts": "2026-06-30T08:45:18.997115+00:00"}
{"event": "audit_started", "fingerprint": "37fbe15cd0f0d57a02db7c06d05cb92a8e0b02eb6cbbb807e6915ef5a26c338a", "doc_count": 2, "chunk_count": 6, "embedding_model": "chroma:text-embedding-3-small", "ts": "2026-06-30T08:50:12.502595+00:00"}
{"event": "requirement_extracted", "doc_id": "fc7491790a4dabc22d8fabbbe3cdfe36", "source": "Safety Manual.pdf", "requirement": "EMERGENCY RESPONSE In case of ﬁre", "extraction_method": "SOP_HEADING", "ts": "2026-06-30T08:50:12.515800+00:00"}
{"event": "requirement_extracted", "doc_id": "fc7491790a4dabc22d8fabbbe3cdfe36", "source": "Safety Manual.pdf", "requirement": "PERSONAL PROTECTIVE EQUIPMENT (PPE) All employees must wear", "extraction_method": "SOP_HEADING", "ts": "2026-06-30T08:50:12.515800+00:00"}
{"event": "requirement_extracted", "doc_id": "3bbdb9918243360855cf22c3305f49c6", "source": "QUALITY MANAGEMENT PROGRAM.pdf", "requirement": "QUALITY MANAGEMENT PROGRAM This document deﬁnes", "extraction_method": "SOP_HEADING", "ts": "2026-06-30T08:50:12.516334+00:00"}
{"event": "requirement_extracted", "doc_id": "3bbdb9918243360855cf22c3305f49c6", "source": "QUALITY MANAGEMENT PROGRAM.pdf", "requirement": "Quality audits - CAPA process - Non-conformance tracking - Quality inspec Ɵons", "extraction_method": "BULLET_LIST", "ts": "2026-06-30T08:50:12.516334+00:00"}
{"event": "requirement_extracted", "doc_id": "fc7491790a4dabc22d8fabbbe3cdfe36", "source": "Safety Manual.pdf", "requirement": "TRAINING All employees must receive annual safety training.", "extraction_method": "SOP_HEADING", "ts": "2026-06-30T08:50:12.516334+00:00"}
{"event": "audit_complete", "fingerprint": "37fbe15cd0f0d57a02db7c06d05cb92a8e0b02eb6cbbb807e6915ef5a26c338a", "score": 79, "total_gaps": 5, "categories_found": 4, "categories_not_found": 0, "duration_ms": 2563.0, "ts": "2026-06-30T08:50:15.069338+00:00"}
{"event": "audit_started", "fingerprint": "ba1306a2be273436cecdbfae5dc02e47cafe6d2093cd57f6d19e664cf7f64a29", "doc_count": 3, "chunk_count": 7, "embedding_model": "chroma:text-embedding-3-small", "ts": "2026-06-30T08:51:29.963500+00:00"}
{"event": "requirement_extracted", "doc_id": "fc7491790a4dabc22d8fabbbe3cdfe36", "source": "Safety Manual.pdf", "requirement": "EMERGENCY RESPONSE In case of ﬁre", "extraction_method": "SOP_HEADING", "ts": "2026-06-30T08:51:29.978457+00:00"}
{"event": "requirement_extracted", "doc_id": "268c6b64bb7bb28884393bd81e49840f", "source": "LOTO Procedure.pdf", "requirement": "LOCKOUT TAGOUT PROCEDURE Document ID: LOTO-001", "extraction_method": "SOP_HEADING", "ts": "2026-06-30T08:51:29.979467+00:00"}
{"event": "requirement_extracted", "doc_id": "fc7491790a4dabc22d8fabbbe3cdfe36", "source": "Safety Manual.pdf", "requirement": "PERSONAL PROTECTIVE EQUIPMENT (PPE) All employees must wear", "extraction_method": "SOP_HEADING", "ts": "2026-06-30T08:51:29.979467+00:00"}
{"event": "requirement_extracted", "doc_id": "3bbdb9918243360855cf22c3305f49c6", "source": "QUALITY MANAGEMENT PROGRAM.pdf", "requirement": "QUALITY MANAGEMENT PROGRAM This document deﬁnes", "extraction_method": "SOP_HEADING", "ts": "2026-06-30T08:51:29.979467+00:00"}
{"event": "requirement_extracted", "doc_id": "3bbdb9918243360855cf22c3305f49c6", "source": "QUALITY MANAGEMENT PROGRAM.pdf", "requirement": "Quality audits - CAPA process - Non-conformance tracking - Quality inspec Ɵons", "extraction_method": "BULLET_LIST", "ts": "2026-06-30T08:51:29.980690+00:00"}
{"event": "requirement_extracted", "doc_id": "fc7491790a4dabc22d8fabbbe3cdfe36", "source": "Safety Manual.pdf", "requirement": "TRAINING All employees must receive annual safety training.", "extraction_method": "SOP_HEADING", "ts": "2026-06-30T08:51:29.982045+00:00"}
{"event": "audit_complete", "fingerprint": "ba1306a2be273436cecdbfae5dc02e47cafe6d2093cd57f6d19e664cf7f64a29", "score": 81, "total_gaps": 6, "categories_found": 5, "categories_not_found": 0, "duration_ms": 3031.0, "ts": "2026-06-30T08:51:32.999716+00:00"}
{"event": "audit_started", "fingerprint": "ba1306a2be273436cecdbfae5dc02e47cafe6d2093cd57f6d19e664cf7f64a29", "doc_count": 3, "chunk_count": 7, "embedding_model": "chroma:text-embedding-3-small", "ts": "2026-06-30T08:51:44.492866+00:00"}
{"event": "requirement_extracted", "doc_id": "fc7491790a4dabc22d8fabbbe3cdfe36", "source": "Safety Manual.pdf", "requirement": "EMERGENCY RESPONSE In case of ﬁre", "extraction_method": "SOP_HEADING", "ts": "2026-06-30T08:51:44.494899+00:00"}
{"event": "requirement_extracted", "doc_id": "268c6b64bb7bb28884393bd81e49840f", "source": "LOTO Procedure.pdf", "requirement": "LOCKOUT TAGOUT PROCEDURE Document ID: LOTO-001", "extraction_method": "SOP_HEADING", "ts": "2026-06-30T08:51:44.496388+00:00"}
{"event": "requirement_extracted", "doc_id": "fc7491790a4dabc22d8fabbbe3cdfe36", "source": "Safety Manual.pdf", "requirement": "PERSONAL PROTECTIVE EQUIPMENT (PPE) All employees must wear", "extraction_method": "SOP_HEADING", "ts": "2026-06-30T08:51:44.496388+00:00"}
{"event": "requirement_extracted", "doc_id": "3bbdb9918243360855cf22c3305f49c6", "source": "QUALITY MANAGEMENT PROGRAM.pdf", "requirement": "QUALITY MANAGEMENT PROGRAM This document deﬁnes", "extraction_method": "SOP_HEADING", "ts": "2026-06-30T08:51:44.496388+00:00"}
{"event": "requirement_extracted", "doc_id": "3bbdb9918243360855cf22c3305f49c6", "source": "QUALITY MANAGEMENT PROGRAM.pdf", "requirement": "Quality audits - CAPA process - Non-conformance tracking - Quality inspec Ɵons", "extraction_method": "BULLET_LIST", "ts": "2026-06-30T08:51:44.497408+00:00"}
{"event": "requirement_extracted", "doc_id": "fc7491790a4dabc22d8fabbbe3cdfe36", "source": "Safety Manual.pdf", "requirement": "TRAINING All employees must receive annual safety training.", "extraction_method": "SOP_HEADING", "ts": "2026-06-30T08:51:44.497408+00:00"}
{"event": "audit_complete", "fingerprint": "ba1306a2be273436cecdbfae5dc02e47cafe6d2093cd57f6d19e664cf7f64a29", "score": 81, "total_gaps": 6, "categories_found": 5, "categories_not_found": 0, "duration_ms": 3047.0, "ts": "2026-06-30T08:51:47.553547+00:00"}
{"event": "audit_started", "fingerprint": "87aede0258c54bac3ff7a82d4713f907c45c332ce1ab0348a4f005591335e836", "doc_count": 2, "chunk_count": 2, "embedding_model": "chroma:text-embedding-3-small", "ts": "2026-06-30T08:51:55.819884+00:00"}
{"event": "requirement_extracted", "doc_id": "268c6b64bb7bb28884393bd81e49840f", "source": "LOTO Procedure.pdf", "requirement": "LOCKOUT TAGOUT PROCEDURE Document ID: LOTO-001", "extraction_method": "SOP_HEADING", "ts": "2026-06-30T08:51:55.823888+00:00"}
{"event": "requirement_extracted", "doc_id": "3bbdb9918243360855cf22c3305f49c6", "source": "QUALITY MANAGEMENT PROGRAM.pdf", "requirement": "QUALITY MANAGEMENT PROGRAM This document deﬁnes", "extraction_method": "SOP_HEADING", "ts": "2026-06-30T08:51:55.824900+00:00"}
{"event": "requirement_extracted", "doc_id": "3bbdb9918243360855cf22c3305f49c6", "source": "QUALITY MANAGEMENT PROGRAM.pdf", "requirement": "Quality audits - CAPA process - Non-conformance tracking - Quality inspec Ɵons", "extraction_method": "BULLET_LIST", "ts": "2026-06-30T08:51:55.824900+00:00"}
{"event": "audit_complete", "fingerprint": "87aede0258c54bac3ff7a82d4713f907c45c332ce1ab0348a4f005591335e836", "score": 84, "total_gaps": 3, "categories_found": 2, "categories_not_found": 0, "duration_ms": 1469.0, "ts": "2026-06-30T08:51:57.293470+00:00"}
{"event": "audit_started", "fingerprint": "4375b64189799f0873a72b6b0dc08a500e987dda5d7dff4f350a3829dadaa769", "doc_count": 1, "chunk_count": 1, "embedding_model": "chroma:text-embedding-3-small", "ts": "2026-06-30T08:52:10.579307+00:00"}
{"event": "requirement_extracted", "doc_id": "268c6b64bb7bb28884393bd81e49840f", "source": "LOTO Procedure.pdf", "requirement": "LOCKOUT TAGOUT PROCEDURE Document ID: LOTO-001", "extraction_method": "SOP_HEADING", "ts": "2026-06-30T08:52:10.587633+00:00"}
{"event": "audit_complete", "fingerprint": "4375b64189799f0873a72b6b0dc08a500e987dda5d7dff4f350a3829dadaa769", "score": 91, "total_gaps": 1, "categories_found": 1, "categories_not_found": 0, "duration_ms": 578.0, "ts": "2026-06-30T08:52:11.175903+00:00"}
{"event": "audit_cache_hit", "fingerprint": "4375b64189799f0873a72b6b0dc08a500e987dda5d7dff4f350a3829dadaa769", "ts": "2026-06-30T08:53:09.532529+00:00"}
{"event": "audit_started", "fingerprint": "86d037c4688096f1729603a2522ef83ba1ac1f851cda7ddd601e7a344de2f605", "doc_count": 1, "chunk_count": 5, "embedding_model": "chroma:text-embedding-3-small", "ts": "2026-06-30T08:53:41.268540+00:00"}
{"event": "requirement_extracted", "doc_id": "fc7491790a4dabc22d8fabbbe3cdfe36", "source": "Safety Manual.pdf", "requirement": "EMERGENCY RESPONSE In case of ﬁre", "extraction_method": "SOP_HEADING", "ts": "2026-06-30T08:53:41.274316+00:00"}
{"event": "requirement_extracted", "doc_id": "fc7491790a4dabc22d8fabbbe3cdfe36", "source": "Safety Manual.pdf", "requirement": "PERSONAL PROTECTIVE EQUIPMENT (PPE) All employees must wear", "extraction_method": "SOP_HEADING", "ts": "2026-06-30T08:53:41.275846+00:00"}
{"event": "requirement_extracted", "doc_id": "fc7491790a4dabc22d8fabbbe3cdfe36", "source": "Safety Manual.pdf", "requirement": "TRAINING All employees must receive annual safety training.", "extraction_method": "SOP_HEADING", "ts": "2026-06-30T08:53:41.275846+00:00"}
{"event": "audit_complete", "fingerprint": "86d037c4688096f1729603a2522ef83ba1ac1f851cda7ddd601e7a344de2f605", "score": 80, "total_gaps": 3, "categories_found": 3, "categories_not_found": 0, "duration_ms": 1828.0, "ts": "2026-06-30T08:53:43.110885+00:00"}
{"event": "audit_started", "fingerprint": "37fbe15cd0f0d57a02db7c06d05cb92a8e0b02eb6cbbb807e6915ef5a26c338a", "doc_count": 2, "chunk_count": 6, "embedding_model": "chroma:text-embedding-3-small", "ts": "2026-06-30T08:54:09.291673+00:00"}
{"event": "requirement_extracted", "doc_id": "fc7491790a4dabc22d8fabbbe3cdfe36", "source": "Safety Manual.pdf", "requirement": "EMERGENCY RESPONSE In case of ﬁre", "extraction_method": "SOP_HEADING", "ts": "2026-06-30T08:54:09.294704+00:00"}
{"event": "requirement_extracted", "doc_id": "268c6b64bb7bb28884393bd81e49840f", "source": "LOTO Procedure.pdf", "requirement": "LOCKOUT TAGOUT PROCEDURE Document ID: LOTO-001", "extraction_method": "SOP_HEADING", "ts": "2026-06-30T08:54:09.295715+00:00"}
{"event": "requirement_extracted", "doc_id": "fc7491790a4dabc22d8fabbbe3cdfe36", "source": "Safety Manual.pdf", "requirement": "PERSONAL PROTECTIVE EQUIPMENT (PPE) All employees must wear", "extraction_method": "SOP_HEADING", "ts": "2026-06-30T08:54:09.296716+00:00"}
{"event": "requirement_extracted", "doc_id": "fc7491790a4dabc22d8fabbbe3cdfe36", "source": "Safety Manual.pdf", "requirement": "TRAINING All employees must receive annual safety training.", "extraction_method": "SOP_HEADING", "ts": "2026-06-30T08:54:09.296716+00:00"}
{"event": "audit_complete", "fingerprint": "37fbe15cd0f0d57a02db7c06d05cb92a8e0b02eb6cbbb807e6915ef5a26c338a", "score": 83, "total_gaps": 4, "categories_found": 4, "categories_not_found": 0, "duration_ms": 2953.0, "ts": "2026-06-30T08:54:12.256761+00:00"}
{"event": "audit_started", "fingerprint": "86d037c4688096f1729603a2522ef83ba1ac1f851cda7ddd601e7a344de2f605", "doc_count": 1, "chunk_count": 5, "embedding_model": "chroma:text-embedding-3-small", "ts": "2026-06-30T08:57:34.059819+00:00"}
{"event": "requirement_extracted", "doc_id": "fc7491790a4dabc22d8fabbbe3cdfe36", "source": "Safety Manual.pdf", "requirement": "EMERGENCY RESPONSE In case of ﬁre", "extraction_method": "SOP_HEADING", "ts": "2026-06-30T08:57:34.063792+00:00"}
{"event": "requirement_extracted", "doc_id": "fc7491790a4dabc22d8fabbbe3cdfe36", "source": "Safety Manual.pdf", "requirement": "PERSONAL PROTECTIVE EQUIPMENT (PPE) All employees must wear", "extraction_method": "SOP_HEADING", "ts": "2026-06-30T08:57:34.063792+00:00"}
{"event": "requirement_extracted", "doc_id": "fc7491790a4dabc22d8fabbbe3cdfe36", "source": "Safety Manual.pdf", "requirement": "TRAINING All employees must receive annual safety training.", "extraction_method": "SOP_HEADING", "ts": "2026-06-30T08:57:34.064789+00:00"}
{"event": "audit_complete", "fingerprint": "86d037c4688096f1729603a2522ef83ba1ac1f851cda7ddd601e7a344de2f605", "score": 80, "total_gaps": 3, "categories_found": 3, "categories_not_found": 0, "duration_ms": 1531.0, "ts": "2026-06-30T08:57:35.598605+00:00"}
{"event": "audit_cache_hit", "fingerprint": "86d037c4688096f1729603a2522ef83ba1ac1f851cda7ddd601e7a344de2f605", "ts": "2026-06-30T08:59:47.611977+00:00"}
{"event": "audit_started", "fingerprint": "37fbe15cd0f0d57a02db7c06d05cb92a8e0b02eb6cbbb807e6915ef5a26c338a", "doc_count": 2, "chunk_count": 6, "embedding_model": "chroma:text-embedding-3-small", "ts": "2026-06-30T09:02:47.363066+00:00"}
{"event": "requirement_extracted", "doc_id": "fc7491790a4dabc22d8fabbbe3cdfe36", "source": "Safety Manual.pdf", "requirement": "EMERGENCY RESPONSE In case of ﬁre", "extraction_method": "SOP_HEADING", "ts": "2026-06-30T09:02:47.366910+00:00"}
{"event": "requirement_extracted", "doc_id": "268c6b64bb7bb28884393bd81e49840f", "source": "LOTO Procedure.pdf", "requirement": "LOCKOUT TAGOUT PROCEDURE Document ID: LOTO-001", "extraction_method": "SOP_HEADING", "ts": "2026-06-30T09:02:47.367467+00:00"}
{"event": "requirement_extracted", "doc_id": "fc7491790a4dabc22d8fabbbe3cdfe36", "source": "Safety Manual.pdf", "requirement": "PERSONAL PROTECTIVE EQUIPMENT (PPE) All employees must wear", "extraction_method": "SOP_HEADING", "ts": "2026-06-30T09:02:47.367988+00:00"}
{"event": "requirement_extracted", "doc_id": "fc7491790a4dabc22d8fabbbe3cdfe36", "source": "Safety Manual.pdf", "requirement": "TRAINING All employees must receive annual safety training.", "extraction_method": "SOP_HEADING", "ts": "2026-06-30T09:02:47.368557+00:00"}
{"event": "audit_complete", "fingerprint": "37fbe15cd0f0d57a02db7c06d05cb92a8e0b02eb6cbbb807e6915ef5a26c338a", "score": 83, "total_gaps": 4, "categories_found": 4, "categories_not_found": 0, "duration_ms": 2172.0, "ts": "2026-06-30T09:02:49.552896+00:00"}
{"event": "audit_cache_hit", "fingerprint": "37fbe15cd0f0d57a02db7c06d05cb92a8e0b02eb6cbbb807e6915ef5a26c338a", "ts": "2026-06-30T11:45:34.643741+00:00"}
{"event": "audit_started", "fingerprint": "86d037c4688096f1729603a2522ef83ba1ac1f851cda7ddd601e7a344de2f605", "doc_count": 1, "chunk_count": 5, "embedding_model": "chroma:text-embedding-3-small", "ts": "2026-07-01T16:41:28.189843+00:00"}
{"event": "requirement_extracted", "doc_id": "fc7491790a4dabc22d8fabbbe3cdfe36", "source": "Safety Manual.pdf", "requirement": "EMERGENCY RESPONSE In case of ﬁre", "extraction_method": "SOP_HEADING", "ts": "2026-07-01T16:41:28.246098+00:00"}
{"event": "requirement_extracted", "doc_id": "fc7491790a4dabc22d8fabbbe3cdfe36", "source": "Safety Manual.pdf", "requirement": "PERSONAL PROTECTIVE EQUIPMENT (PPE) All employees must wear", "extraction_method": "SOP_HEADING", "ts": "2026-07-01T16:41:28.247190+00:00"}
{"event": "requirement_extracted", "doc_id": "fc7491790a4dabc22d8fabbbe3cdfe36", "source": "Safety Manual.pdf", "requirement": "TRAINING All employees must receive annual safety training.", "extraction_method": "SOP_HEADING", "ts": "2026-07-01T16:41:28.247190+00:00"}
{"event": "audit_complete", "fingerprint": "86d037c4688096f1729603a2522ef83ba1ac1f851cda7ddd601e7a344de2f605", "score": 80, "total_gaps": 3, "categories_found": 3, "categories_not_found": 0, "duration_ms": 24094.0, "ts": "2026-07-01T16:41:52.328989+00:00"}
{"event": "audit_started", "fingerprint": "6ee994fb6f8ef5c70824f78d5b1881a51167f0a9e1ffbd379eb3e43e7e767a1a", "doc_count": 2, "chunk_count": 19, "embedding_model": "chroma:text-embedding-3-small", "ts": "2026-07-02T04:54:28.940648+00:00"}
{"event": "requirement_extracted", "doc_id": "fc7491790a4dabc22d8fabbbe3cdfe36", "source": "Safety Manual.pdf", "requirement": "EMERGENCY RESPONSE In case of ﬁre", "extraction_method": "SOP_HEADING", "ts": "2026-07-02T04:54:28.960188+00:00"}
{"event": "requirement_extracted", "doc_id": "fc7491790a4dabc22d8fabbbe3cdfe36", "source": "Safety Manual.pdf", "requirement": "PERSONAL PROTECTIVE EQUIPMENT (PPE) All employees must wear", "extraction_method": "SOP_HEADING", "ts": "2026-07-02T04:54:28.960188+00:00"}
{"event": "requirement_extracted", "doc_id": "fc7491790a4dabc22d8fabbbe3cdfe36", "source": "Safety Manual.pdf", "requirement": "TRAINING All employees must receive annual safety training.", "extraction_method": "SOP_HEADING", "ts": "2026-07-02T04:54:28.960188+00:00"}
{"event": "audit_complete", "fingerprint": "6ee994fb6f8ef5c70824f78d5b1881a51167f0a9e1ffbd379eb3e43e7e767a1a", "score": 79, "total_gaps": 3, "categories_found": 3, "categories_not_found": 0, "duration_ms": 1125.0, "ts": "2026-07-02T04:54:30.072644+00:00"}
